D:\Project\BusinessStandard\BusinessStandard.Data\BusinessServiceDbContext.cs
OnConfiguring 4
OnConfiguring -1

D:\Project\BusinessStandard\BusinessStandard.Data\Migrations\20200503164526_ModelsAdded.cs
Up 4
Up -1
Down 23
Down -1

D:\Project\BusinessStandard\BusinessStandard.Data\Migrations\20200503164526_ModelsAdded.Designer.cs
BuildTargetModel 3
BuildTargetModel -1

D:\Project\BusinessStandard\BusinessStandard.Data\Migrations\20200503165115_ModelsAdd.cs
Up 3
Up -1
Down 3
Down -1

D:\Project\BusinessStandard\BusinessStandard.Data\Migrations\20200503165115_ModelsAdd.Designer.cs
BuildTargetModel 4
BuildTargetModel -1

D:\Project\BusinessStandard\BusinessStandard.Data\Migrations\20200504061344_ModelsAddNew.cs
Up 5
Up -1
Down 6
Down -1

D:\Project\BusinessStandard\BusinessStandard.Data\Migrations\20200504061344_ModelsAddNew.Designer.cs
BuildTargetModel 6
BuildTargetModel -1

D:\Project\BusinessStandard\BusinessStandard.Data\Migrations\20200504144630_ViewModelsAdd.cs
Up 4
Up -1
Down 4
Down -1

D:\Project\BusinessStandard\BusinessStandard.Data\Migrations\20200504144630_ViewModelsAdd.Designer.cs
BuildTargetModel 3
BuildTargetModel -1

D:\Project\BusinessStandard\BusinessStandard.Data\Migrations\20200505060953_AzureReady.cs
Up 3
Up -1
Down 13
Down -1

D:\Project\BusinessStandard\BusinessStandard.Data\Migrations\20200505060953_AzureReady.Designer.cs
BuildTargetModel 9
BuildTargetModel -1

D:\Project\BusinessStandard\BusinessStandard.Data\Migrations\20200505134656_AzureReadyUpdate.cs
Up 9
Up -1
Down 9
Down -1

D:\Project\BusinessStandard\BusinessStandard.Data\Migrations\20200505134656_AzureReadyUpdate.Designer.cs
BuildTargetModel 4
BuildTargetModel -1

D:\Project\BusinessStandard\BusinessStandard.Data\Migrations\20200509135803_AzureReadyUpdateNew.cs
Up 4
Up -1
Down 8
Down -1

D:\Project\BusinessStandard\BusinessStandard.Data\Migrations\20200509135803_AzureReadyUpdateNew.Designer.cs
BuildTargetModel 3
BuildTargetModel -1

D:\Project\BusinessStandard\BusinessStandard.Data\Migrations\20200509140029_AzureReadyUpdateNewDeleted.cs
Up 4
Up -1
Down 4
Down -1

D:\Project\BusinessStandard\BusinessStandard.Data\Migrations\20200509140029_AzureReadyUpdateNewDeleted.Designer.cs
BuildTargetModel 3
BuildTargetModel -1

D:\Project\BusinessStandard\BusinessStandard.Data\Migrations\BusinessServiceDbContextModelSnapshot.cs
BuildModel 4
BuildModel -1

D:\Project\BusinessStandard\BusinessStandard.Data\UnityOfWork.cs

C:\Users\cognizantdotnet28\AppData\Local\Temp\.NETCoreApp,Version=v3.1.AssemblyAttributes.cs

D:\Project\BusinessStandard\BusinessStandard.Data\obj\Debug\netcoreapp3.1\BusinessStandard.Data.AssemblyInfo.cs

