D:\Project\BusinessStandard\BusinessStandard.Data\BusinessServiceDbContext.cs
OnConfiguring 5
OnConfiguring -1

D:\Project\BusinessStandard\BusinessStandard.Data\Migrations\20200503164526_ModelsAdded.cs
Up 7
Up -1
Down 16
Down -1

D:\Project\BusinessStandard\BusinessStandard.Data\Migrations\20200503164526_ModelsAdded.Designer.cs
BuildTargetModel 6
BuildTargetModel -1

D:\Project\BusinessStandard\BusinessStandard.Data\Migrations\20200503165115_ModelsAdd.cs
Up 4
Up -1
Down 3
Down -1

D:\Project\BusinessStandard\BusinessStandard.Data\Migrations\20200503165115_ModelsAdd.Designer.cs
BuildTargetModel 4
BuildTargetModel -1

D:\Project\BusinessStandard\BusinessStandard.Data\Migrations\20200504061344_ModelsAddNew.cs
Up 8
Up -1
Down 11
Down -1

D:\Project\BusinessStandard\BusinessStandard.Data\Migrations\20200504061344_ModelsAddNew.Designer.cs
BuildTargetModel 5
BuildTargetModel -1

D:\Project\BusinessStandard\BusinessStandard.Data\Migrations\20200504144630_ViewModelsAdd.cs
Up 5
Up -1
Down 5
Down -1

D:\Project\BusinessStandard\BusinessStandard.Data\Migrations\20200504144630_ViewModelsAdd.Designer.cs
BuildTargetModel 5
BuildTargetModel -1

D:\Project\BusinessStandard\BusinessStandard.Data\Migrations\20200505060953_AzureReady.cs
Up 5
Up -1
Down 5
Down -1

D:\Project\BusinessStandard\BusinessStandard.Data\Migrations\20200505060953_AzureReady.Designer.cs
BuildTargetModel 5
BuildTargetModel -1

D:\Project\BusinessStandard\BusinessStandard.Data\Migrations\20200505134656_AzureReadyUpdate.cs
Up 23
Up -1
Down 13
Down -1

D:\Project\BusinessStandard\BusinessStandard.Data\Migrations\20200505134656_AzureReadyUpdate.Designer.cs
BuildTargetModel 7
BuildTargetModel -1

D:\Project\BusinessStandard\BusinessStandard.Data\Migrations\BusinessServiceDbContextModelSnapshot.cs
BuildModel 6
BuildModel -1

D:\Project\BusinessStandard\BusinessStandard.Data\UnityOfWork.cs

C:\Users\cognizantdotnet28\AppData\Local\Temp\.NETCoreApp,Version=v3.1.AssemblyAttributes.cs

D:\Project\BusinessStandard\BusinessStandard.Data\obj\Debug\netcoreapp3.1\BusinessStandard.Data.AssemblyInfo.cs

