D:\Project\BusinessStandard\BusinessStandard.Api\Controllers\AssignmentPeriodsController.cs
GetAssignmentPeriod 15
GetAssignmentPeriod -1
GetAssignmentPeriod 3
GetAssignmentPeriod -1
PutAssignmentPeriod 4
PutAssignmentPeriod -1
PostAssignmentPeriod 5
PostAssignmentPeriod -1
DeleteAssignmentPeriod 4
DeleteAssignmentPeriod -1
AssignmentPeriodExists 4
AssignmentPeriodExists -1

D:\Project\BusinessStandard\BusinessStandard.Api\Controllers\AzureFunctionInvockController.cs
Get 4
Get -1

D:\Project\BusinessStandard\BusinessStandard.Api\Controllers\BlobImplementationController.cs
upload 5
upload -1

D:\Project\BusinessStandard\BusinessStandard.Api\Controllers\CoursesController.cs
GetCourses 4
GetCourses -1
GetCourses 4
GetCourses -1
PutCourses 4
PutCourses -1
PostCourses 6
PostCourses -1
DeleteCourses 3
DeleteCourses -1
CoursesExists 5
CoursesExists -1

D:\Project\BusinessStandard\BusinessStandard.Api\Controllers\GradesController.cs
GetGrades 4
GetGrades -1
GetGrades 3
GetGrades -1
PutGrades 3
PutGrades -1
PostGrades 3
PostGrades -1
DeleteGrades 3
DeleteGrades -1
GradesExists 4
GradesExists -1

D:\Project\BusinessStandard\BusinessStandard.Api\Controllers\ProgramGroupsController.cs
GetProgramGroups 4
GetProgramGroups -1
GetProgramGroups 3
GetProgramGroups -1
PutProgramGroups 3
PutProgramGroups -1
PostProgramGroups 5
PostProgramGroups -1
DeleteProgramGroups 4
DeleteProgramGroups -1
ProgramGroupsExists 3
ProgramGroupsExists -1

D:\Project\BusinessStandard\BusinessStandard.Api\Controllers\SchoolsController.cs
GetSchools 4
GetSchools -1
GetSchools 5
GetSchools -1
PutSchools 6
PutSchools -1
PostSchools 4
PostSchools -1
DeleteSchools 4
DeleteSchools -1
SchoolsExists 4
SchoolsExists -1

D:\Project\BusinessStandard\BusinessStandard.Api\Controllers\StudentsController.cs
GetStudents 9
GetStudents -1
GetAllStudents 3
GetAllStudents -1
GetStudents 3
GetStudents -1
PutStudents 7
PutStudents -1
PostStudents 3
PostStudents -1
DeleteStudents 3
DeleteStudents -1
StudentsExists 5
StudentsExists -1
Sender 3
Sender -1

D:\Project\BusinessStandard\BusinessStandard.Api\Program.cs
Main 7
Main -1
CreateHostBuilder 3
CreateHostBuilder -1

D:\Project\BusinessStandard\BusinessStandard.Api\Resources\AzureFunctionInvokeHelper.cs
InvokeFunction 4
InvokeFunction -1
SerializeJsonIntoStream 3
SerializeJsonIntoStream -1
CreateHttpContent 11
CreateHttpContent -1

D:\Project\BusinessStandard\BusinessStandard.Api\Resources\BlobStorageService.cs
UploadFileToBlob 4
UploadFileToBlob -1
DeleteBlobData 4
DeleteBlobData -1
GenerateFileName 8
GenerateFileName -1
UploadFileToBlobAsync 3
UploadFileToBlobAsync -1

D:\Project\BusinessStandard\BusinessStandard.Api\Resources\Contact.cs

D:\Project\BusinessStandard\BusinessStandard.Api\Resources\Info.cs

D:\Project\BusinessStandard\BusinessStandard.Api\Startup.cs
ConfigureServices 4
ConfigureServices -1
Configure 4
Configure -1

C:\Users\cognizantdotnet28\AppData\Local\Temp\.NETCoreApp,Version=v3.1.AssemblyAttributes.cs

D:\Project\BusinessStandard\BusinessStandard.Api\obj\Debug\netcoreapp3.1\BusinessStandard.Api.MvcApplicationPartsAssemblyInfo.cs

D:\Project\BusinessStandard\BusinessStandard.Api\obj\Debug\netcoreapp3.1\BusinessStandard.Api.AssemblyInfo.cs

