D:\Project\BusinessStandard\BusinessStandard.Api\Controllers\AssignmentPeriodsController.cs
GetAssignmentPeriod 3
GetAssignmentPeriod -1
GetAssignmentPeriod 3
GetAssignmentPeriod -1
PutAssignmentPeriod 3
PutAssignmentPeriod -1
PostAssignmentPeriod 3
PostAssignmentPeriod -1
DeleteAssignmentPeriod 3
DeleteAssignmentPeriod -1
AssignmentPeriodExists 3
AssignmentPeriodExists -1

D:\Project\BusinessStandard\BusinessStandard.Api\Controllers\AzureFunctionInvockController.cs
Get 3
Get -1

D:\Project\BusinessStandard\BusinessStandard.Api\Controllers\CoursesController.cs
GetCourses 5
GetCourses -1
GetCourses 3
GetCourses -1
PutCourses 3
PutCourses -1
PostCourses 2
PostCourses -1
DeleteCourses 2
DeleteCourses -1
CoursesExists 2
CoursesExists -1

D:\Project\BusinessStandard\BusinessStandard.Api\Controllers\GradesController.cs
GetGrades 2
GetGrades -1
GetGrades 2
GetGrades -1
PutGrades 2
PutGrades -1
PostGrades 2
PostGrades -1
DeleteGrades 45
DeleteGrades -1
GradesExists 3
GradesExists -1

D:\Project\BusinessStandard\BusinessStandard.Api\Controllers\ProgramGroupsController.cs
GetProgramGroups 3
GetProgramGroups -1
GetProgramGroups 3
GetProgramGroups -1
PutProgramGroups 3
PutProgramGroups -1
PostProgramGroups 3
PostProgramGroups -1
DeleteProgramGroups 3
DeleteProgramGroups -1
ProgramGroupsExists 3
ProgramGroupsExists -1

D:\Project\BusinessStandard\BusinessStandard.Api\Controllers\SchoolsController.cs
GetSchools 14
GetSchools -1
GetSchools 3
GetSchools -1
PutSchools 3
PutSchools -1
PostSchools 3
PostSchools -1
DeleteSchools 3
DeleteSchools -1
SchoolsExists 3
SchoolsExists -1

D:\Project\BusinessStandard\BusinessStandard.Api\Controllers\StudentsController.cs
GetStudents 5
GetStudents -1
GetAllStudents 3
GetAllStudents -1
GetStudents 3
GetStudents -1
PutStudents 2
PutStudents -1
PostStudents 32
PostStudents -1
DeleteStudents 4
DeleteStudents -1
StudentsExists 3
StudentsExists -1
Sender 3
Sender -1
ExceptionReceivedHandler 6
ExceptionReceivedHandler -1
RegisterOnMessageHandlerAndReceiveMessages 5
RegisterOnMessageHandlerAndReceiveMessages -1
ProcessMessagesAsync 3
ProcessMessagesAsync -1
Receiver 3
Receiver -1

D:\Project\BusinessStandard\BusinessStandard.Api\Program.cs
Main 8
Main -1
CreateHostBuilder 3
CreateHostBuilder -1

D:\Project\BusinessStandard\BusinessStandard.Api\Resources\AzureFunctionInvokeHelper.cs
InvokeFunction 3
InvokeFunction -1
SerializeJsonIntoStream 3
SerializeJsonIntoStream -1
CreateHttpContent 5
CreateHttpContent -1

D:\Project\BusinessStandard\BusinessStandard.Api\Resources\Contact.cs

D:\Project\BusinessStandard\BusinessStandard.Api\Resources\Info.cs

D:\Project\BusinessStandard\BusinessStandard.Api\Startup.cs
ConfigureServices 4
ConfigureServices -1
Configure 4
Configure -1

C:\Users\cognizantdotnet28\AppData\Local\Temp\.NETCoreApp,Version=v3.1.AssemblyAttributes.cs

D:\Project\BusinessStandard\BusinessStandard.Api\obj\Debug\netcoreapp3.1\BusinessStandard.Api.MvcApplicationPartsAssemblyInfo.cs

D:\Project\BusinessStandard\BusinessStandard.Api\obj\Debug\netcoreapp3.1\BusinessStandard.Api.AssemblyInfo.cs

